<?xml version="1.0" encoding="UTF-8"?>
<testng-results ignored="0" total="1" passed="1" failed="0" skipped="0">
  <reporter-output>
  </reporter-output>
  <suite started-at="2023-08-24T11:23:25 IST" name="Default suite" finished-at="2023-08-24T11:23:41 IST" duration-ms="15473">
    <groups>
      <group name="cucumber">
        <method signature="AbstractTestNGCucumberTests.runScenario(io.cucumber.testng.PickleWrapper,io.cucumber.testng.FeatureWrapper)[pri:0, instance:runners.GooglePageRunner@5b12b668]" name="runScenario" class="io.cucumber.testng.AbstractTestNGCucumberTests"/>
      </group> <!-- cucumber -->
    </groups>
    <test started-at="2023-08-24T11:23:25 IST" name="Default test" finished-at="2023-08-24T11:23:41 IST" duration-ms="15473">
      <class name="runners.GooglePageRunner">
        <test-method is-config="true" signature="setUpClass(org.testng.ITestContext)[pri:0, instance:runners.GooglePageRunner@5b12b668]" started-at="2023-08-24T11:23:25 IST" name="setUpClass" finished-at="2023-08-24T11:23:25 IST" duration-ms="257" status="PASS">
          <params>
            <param index="0">
              <value>
                <![CDATA[org.testng.TestRunner@2b59501e]]>
              </value>
            </param>
          </params>
          <reporter-output>
          </reporter-output>
        </test-method> <!-- setUpClass -->
        <test-method signature="runScenario(io.cucumber.testng.PickleWrapper,io.cucumber.testng.FeatureWrapper)[pri:0, instance:runners.GooglePageRunner@5b12b668]" started-at="2023-08-24T11:23:25 IST" name="runScenario" description="Runs Cucumber Scenarios" data-provider="scenarios" finished-at="2023-08-24T11:23:40 IST" duration-ms="15100" status="PASS">
          <params>
            <param index="0">
              <value>
                <![CDATA["Search Java Tutorial"]]>
              </value>
            </param>
            <param index="1">
              <value>
                <![CDATA["Google Page Search Function"]]>
              </value>
            </param>
          </params>
          <reporter-output>
          </reporter-output>
        </test-method> <!-- runScenario -->
        <test-method is-config="true" signature="tearDownClass()[pri:0, instance:runners.GooglePageRunner@5b12b668]" started-at="2023-08-24T11:23:41 IST" name="tearDownClass" finished-at="2023-08-24T11:23:41 IST" duration-ms="0" status="PASS">
          <reporter-output>
          </reporter-output>
        </test-method> <!-- tearDownClass -->
      </class> <!-- runners.GooglePageRunner -->
    </test> <!-- Default test -->
  </suite> <!-- Default suite -->
</testng-results>
